ERROR - 2021-09-23 01:36:35 --> Can't create table `ci4app`.`barang_masuk` (errno: 150 "Foreign key constraint is incorrectly formed")
ERROR - 2021-09-23 01:38:36 --> Can't create table `ci4app`.`barang_masuk` (errno: 150 "Foreign key constraint is incorrectly formed")
ERROR - 2021-09-23 01:39:14 --> Can't create table `ci4app`.`barang_masuk` (errno: 150 "Foreign key constraint is incorrectly formed")
ERROR - 2021-09-23 01:41:34 --> Can't create table `ci4app`.`barang_masuk` (errno: 150 "Foreign key constraint is incorrectly formed")
ERROR - 2021-09-23 01:43:16 --> Can't create table `ci4app`.`barang_masuk` (errno: 150 "Foreign key constraint is incorrectly formed")
ERROR - 2021-09-23 01:48:14 --> Can't create table `ci4app`.`barang_masuk` (errno: 150 "Foreign key constraint is incorrectly formed")
ERROR - 2021-09-23 02:04:28 --> Can't create table `ci4app`.`barang_masuk` (errno: 150 "Foreign key constraint is incorrectly formed")
CRITICAL - 2021-09-23 03:12:09 --> Invalid file: index.php
#0 /var/www/html/CodeIgniter/ci4/vendor/codeigniter4/framework/system/View/View.php(198): CodeIgniter\Exceptions\FrameworkException::forInvalidFile()
#1 /var/www/html/CodeIgniter/ci4/vendor/codeigniter4/framework/system/Common.php(1092): CodeIgniter\View\View->render()
#2 /var/www/html/CodeIgniter/ci4/app/Controllers/Pages.php(9): view()
#3 /var/www/html/CodeIgniter/ci4/vendor/codeigniter4/framework/system/CodeIgniter.php(802): App\Controllers\Pages->index()
#4 /var/www/html/CodeIgniter/ci4/vendor/codeigniter4/framework/system/CodeIgniter.php(399): CodeIgniter\CodeIgniter->runController()
#5 /var/www/html/CodeIgniter/ci4/vendor/codeigniter4/framework/system/CodeIgniter.php(317): CodeIgniter\CodeIgniter->handleRequest()
#6 /var/www/html/CodeIgniter/ci4/public/index.php(37): CodeIgniter\CodeIgniter->run()
#7 /var/www/html/CodeIgniter/ci4/vendor/codeigniter4/framework/system/Commands/Server/rewrite.php(43): require_once('/var/www/html/C...')
#8 {main}
CRITICAL - 2021-09-23 03:12:58 --> Invalid file: index.php
#0 /var/www/html/CodeIgniter/ci4/vendor/codeigniter4/framework/system/View/View.php(198): CodeIgniter\Exceptions\FrameworkException::forInvalidFile()
#1 /var/www/html/CodeIgniter/ci4/vendor/codeigniter4/framework/system/Common.php(1092): CodeIgniter\View\View->render()
#2 /var/www/html/CodeIgniter/ci4/app/Controllers/Pages.php(9): view()
#3 /var/www/html/CodeIgniter/ci4/vendor/codeigniter4/framework/system/CodeIgniter.php(802): App\Controllers\Pages->index()
#4 /var/www/html/CodeIgniter/ci4/vendor/codeigniter4/framework/system/CodeIgniter.php(399): CodeIgniter\CodeIgniter->runController()
#5 /var/www/html/CodeIgniter/ci4/vendor/codeigniter4/framework/system/CodeIgniter.php(317): CodeIgniter\CodeIgniter->handleRequest()
#6 /var/www/html/CodeIgniter/ci4/public/index.php(37): CodeIgniter\CodeIgniter->run()
#7 /var/www/html/CodeIgniter/ci4/vendor/codeigniter4/framework/system/Commands/Server/rewrite.php(43): require_once('/var/www/html/C...')
#8 {main}
CRITICAL - 2021-09-23 03:13:05 --> Invalid file: index.php
#0 /var/www/html/CodeIgniter/ci4/vendor/codeigniter4/framework/system/View/View.php(198): CodeIgniter\Exceptions\FrameworkException::forInvalidFile()
#1 /var/www/html/CodeIgniter/ci4/vendor/codeigniter4/framework/system/Common.php(1092): CodeIgniter\View\View->render()
#2 /var/www/html/CodeIgniter/ci4/app/Controllers/Pages.php(9): view()
#3 /var/www/html/CodeIgniter/ci4/vendor/codeigniter4/framework/system/CodeIgniter.php(802): App\Controllers\Pages->index()
#4 /var/www/html/CodeIgniter/ci4/vendor/codeigniter4/framework/system/CodeIgniter.php(399): CodeIgniter\CodeIgniter->runController()
#5 /var/www/html/CodeIgniter/ci4/vendor/codeigniter4/framework/system/CodeIgniter.php(317): CodeIgniter\CodeIgniter->handleRequest()
#6 /var/www/html/CodeIgniter/ci4/public/index.php(37): CodeIgniter\CodeIgniter->run()
#7 /var/www/html/CodeIgniter/ci4/vendor/codeigniter4/framework/system/Commands/Server/rewrite.php(43): require_once('/var/www/html/C...')
#8 {main}
CRITICAL - 2021-09-23 03:15:32 --> Invalid file: index.php
#0 /var/www/html/CodeIgniter/ci4/vendor/codeigniter4/framework/system/View/View.php(198): CodeIgniter\Exceptions\FrameworkException::forInvalidFile()
#1 /var/www/html/CodeIgniter/ci4/vendor/codeigniter4/framework/system/Common.php(1092): CodeIgniter\View\View->render()
#2 /var/www/html/CodeIgniter/ci4/app/Controllers/Pages.php(9): view()
#3 /var/www/html/CodeIgniter/ci4/vendor/codeigniter4/framework/system/CodeIgniter.php(802): App\Controllers\Pages->index()
#4 /var/www/html/CodeIgniter/ci4/vendor/codeigniter4/framework/system/CodeIgniter.php(399): CodeIgniter\CodeIgniter->runController()
#5 /var/www/html/CodeIgniter/ci4/vendor/codeigniter4/framework/system/CodeIgniter.php(317): CodeIgniter\CodeIgniter->handleRequest()
#6 /var/www/html/CodeIgniter/ci4/public/index.php(37): CodeIgniter\CodeIgniter->run()
#7 /var/www/html/CodeIgniter/ci4/vendor/codeigniter4/framework/system/Commands/Server/rewrite.php(43): require_once('/var/www/html/C...')
#8 {main}
CRITICAL - 2021-09-23 04:01:50 --> Call to undefined method CodeIgniter\View\View::extends()
#0 /var/www/html/CodeIgniter/ci4/vendor/codeigniter4/framework/system/View/View.php(214): include()
#1 /var/www/html/CodeIgniter/ci4/vendor/codeigniter4/framework/system/View/View.php(217): CodeIgniter\View\View->CodeIgniter\View\{closure}()
#2 /var/www/html/CodeIgniter/ci4/vendor/codeigniter4/framework/system/Common.php(1092): CodeIgniter\View\View->render()
#3 /var/www/html/CodeIgniter/ci4/app/Controllers/Pages.php(9): view()
#4 /var/www/html/CodeIgniter/ci4/vendor/codeigniter4/framework/system/CodeIgniter.php(802): App\Controllers\Pages->index()
#5 /var/www/html/CodeIgniter/ci4/vendor/codeigniter4/framework/system/CodeIgniter.php(399): CodeIgniter\CodeIgniter->runController()
#6 /var/www/html/CodeIgniter/ci4/vendor/codeigniter4/framework/system/CodeIgniter.php(317): CodeIgniter\CodeIgniter->handleRequest()
#7 /var/www/html/CodeIgniter/ci4/public/index.php(37): CodeIgniter\CodeIgniter->run()
#8 /var/www/html/CodeIgniter/ci4/vendor/codeigniter4/framework/system/Commands/Server/rewrite.php(43): require_once('/var/www/html/C...')
#9 {main}
CRITICAL - 2021-09-23 07:55:04 --> Invalid file: sidebar.php
#0 /var/www/html/CodeIgniter/ci4/vendor/codeigniter4/framework/system/View/View.php(198): CodeIgniter\Exceptions\FrameworkException::forInvalidFile()
#1 /var/www/html/CodeIgniter/ci4/vendor/codeigniter4/framework/system/View/View.php(432): CodeIgniter\View\View->render()
#2 /var/www/html/CodeIgniter/ci4/app/Views/layouts/template.php(29): CodeIgniter\View\View->include()
#3 /var/www/html/CodeIgniter/ci4/vendor/codeigniter4/framework/system/View/View.php(214): include('/var/www/html/C...')
#4 /var/www/html/CodeIgniter/ci4/vendor/codeigniter4/framework/system/View/View.php(217): CodeIgniter\View\View->CodeIgniter\View\{closure}()
#5 /var/www/html/CodeIgniter/ci4/vendor/codeigniter4/framework/system/View/View.php(230): CodeIgniter\View\View->render()
#6 /var/www/html/CodeIgniter/ci4/vendor/codeigniter4/framework/system/Common.php(1092): CodeIgniter\View\View->render()
#7 /var/www/html/CodeIgniter/ci4/app/Controllers/Pages.php(9): view()
#8 /var/www/html/CodeIgniter/ci4/vendor/codeigniter4/framework/system/CodeIgniter.php(802): App\Controllers\Pages->index()
#9 /var/www/html/CodeIgniter/ci4/vendor/codeigniter4/framework/system/CodeIgniter.php(399): CodeIgniter\CodeIgniter->runController()
#10 /var/www/html/CodeIgniter/ci4/vendor/codeigniter4/framework/system/CodeIgniter.php(317): CodeIgniter\CodeIgniter->handleRequest()
#11 /var/www/html/CodeIgniter/ci4/public/index.php(37): CodeIgniter\CodeIgniter->run()
#12 /var/www/html/CodeIgniter/ci4/vendor/codeigniter4/framework/system/Commands/Server/rewrite.php(43): require_once('/var/www/html/C...')
#13 {main}
CRITICAL - 2021-09-23 07:55:44 --> Invalid file: layoouts/navbar.php
#0 /var/www/html/CodeIgniter/ci4/vendor/codeigniter4/framework/system/View/View.php(198): CodeIgniter\Exceptions\FrameworkException::forInvalidFile()
#1 /var/www/html/CodeIgniter/ci4/vendor/codeigniter4/framework/system/View/View.php(432): CodeIgniter\View\View->render()
#2 /var/www/html/CodeIgniter/ci4/app/Views/layouts/template.php(39): CodeIgniter\View\View->include()
#3 /var/www/html/CodeIgniter/ci4/vendor/codeigniter4/framework/system/View/View.php(214): include('/var/www/html/C...')
#4 /var/www/html/CodeIgniter/ci4/vendor/codeigniter4/framework/system/View/View.php(217): CodeIgniter\View\View->CodeIgniter\View\{closure}()
#5 /var/www/html/CodeIgniter/ci4/vendor/codeigniter4/framework/system/View/View.php(230): CodeIgniter\View\View->render()
#6 /var/www/html/CodeIgniter/ci4/vendor/codeigniter4/framework/system/Common.php(1092): CodeIgniter\View\View->render()
#7 /var/www/html/CodeIgniter/ci4/app/Controllers/Pages.php(9): view()
#8 /var/www/html/CodeIgniter/ci4/vendor/codeigniter4/framework/system/CodeIgniter.php(802): App\Controllers\Pages->index()
#9 /var/www/html/CodeIgniter/ci4/vendor/codeigniter4/framework/system/CodeIgniter.php(399): CodeIgniter\CodeIgniter->runController()
#10 /var/www/html/CodeIgniter/ci4/vendor/codeigniter4/framework/system/CodeIgniter.php(317): CodeIgniter\CodeIgniter->handleRequest()
#11 /var/www/html/CodeIgniter/ci4/public/index.php(37): CodeIgniter\CodeIgniter->run()
#12 /var/www/html/CodeIgniter/ci4/vendor/codeigniter4/framework/system/Commands/Server/rewrite.php(43): require_once('/var/www/html/C...')
#13 {main}
CRITICAL - 2021-09-23 07:55:49 --> Invalid file: layoouts/navbar.php
#0 /var/www/html/CodeIgniter/ci4/vendor/codeigniter4/framework/system/View/View.php(198): CodeIgniter\Exceptions\FrameworkException::forInvalidFile()
#1 /var/www/html/CodeIgniter/ci4/vendor/codeigniter4/framework/system/View/View.php(432): CodeIgniter\View\View->render()
#2 /var/www/html/CodeIgniter/ci4/app/Views/layouts/template.php(39): CodeIgniter\View\View->include()
#3 /var/www/html/CodeIgniter/ci4/vendor/codeigniter4/framework/system/View/View.php(214): include('/var/www/html/C...')
#4 /var/www/html/CodeIgniter/ci4/vendor/codeigniter4/framework/system/View/View.php(217): CodeIgniter\View\View->CodeIgniter\View\{closure}()
#5 /var/www/html/CodeIgniter/ci4/vendor/codeigniter4/framework/system/View/View.php(230): CodeIgniter\View\View->render()
#6 /var/www/html/CodeIgniter/ci4/vendor/codeigniter4/framework/system/Common.php(1092): CodeIgniter\View\View->render()
#7 /var/www/html/CodeIgniter/ci4/app/Controllers/Pages.php(9): view()
#8 /var/www/html/CodeIgniter/ci4/vendor/codeigniter4/framework/system/CodeIgniter.php(802): App\Controllers\Pages->index()
#9 /var/www/html/CodeIgniter/ci4/vendor/codeigniter4/framework/system/CodeIgniter.php(399): CodeIgniter\CodeIgniter->runController()
#10 /var/www/html/CodeIgniter/ci4/vendor/codeigniter4/framework/system/CodeIgniter.php(317): CodeIgniter\CodeIgniter->handleRequest()
#11 /var/www/html/CodeIgniter/ci4/public/index.php(37): CodeIgniter\CodeIgniter->run()
#12 /var/www/html/CodeIgniter/ci4/vendor/codeigniter4/framework/system/Commands/Server/rewrite.php(43): require_once('/var/www/html/C...')
#13 {main}
CRITICAL - 2021-09-23 07:55:51 --> Invalid file: layoouts/navbar.php
#0 /var/www/html/CodeIgniter/ci4/vendor/codeigniter4/framework/system/View/View.php(198): CodeIgniter\Exceptions\FrameworkException::forInvalidFile()
#1 /var/www/html/CodeIgniter/ci4/vendor/codeigniter4/framework/system/View/View.php(432): CodeIgniter\View\View->render()
#2 /var/www/html/CodeIgniter/ci4/app/Views/layouts/template.php(39): CodeIgniter\View\View->include()
#3 /var/www/html/CodeIgniter/ci4/vendor/codeigniter4/framework/system/View/View.php(214): include('/var/www/html/C...')
#4 /var/www/html/CodeIgniter/ci4/vendor/codeigniter4/framework/system/View/View.php(217): CodeIgniter\View\View->CodeIgniter\View\{closure}()
#5 /var/www/html/CodeIgniter/ci4/vendor/codeigniter4/framework/system/View/View.php(230): CodeIgniter\View\View->render()
#6 /var/www/html/CodeIgniter/ci4/vendor/codeigniter4/framework/system/Common.php(1092): CodeIgniter\View\View->render()
#7 /var/www/html/CodeIgniter/ci4/app/Controllers/Pages.php(9): view()
#8 /var/www/html/CodeIgniter/ci4/vendor/codeigniter4/framework/system/CodeIgniter.php(802): App\Controllers\Pages->index()
#9 /var/www/html/CodeIgniter/ci4/vendor/codeigniter4/framework/system/CodeIgniter.php(399): CodeIgniter\CodeIgniter->runController()
#10 /var/www/html/CodeIgniter/ci4/vendor/codeigniter4/framework/system/CodeIgniter.php(317): CodeIgniter\CodeIgniter->handleRequest()
#11 /var/www/html/CodeIgniter/ci4/public/index.php(37): CodeIgniter\CodeIgniter->run()
#12 /var/www/html/CodeIgniter/ci4/vendor/codeigniter4/framework/system/Commands/Server/rewrite.php(43): require_once('/var/www/html/C...')
#13 {main}
