CRITICAL - 2021-09-24 01:19:03 --> Allowed memory size of 536870912 bytes exhausted (tried to allocate 266354688 bytes)
#0 [internal function]: CodeIgniter\Debug\Exceptions->shutdownHandler()
#1 {main}
CRITICAL - 2021-09-24 01:19:48 --> Allowed memory size of 536870912 bytes exhausted (tried to allocate 266354688 bytes)
#0 [internal function]: CodeIgniter\Debug\Exceptions->shutdownHandler()
#1 {main}
CRITICAL - 2021-09-24 01:20:07 --> Allowed memory size of 536870912 bytes exhausted (tried to allocate 266354688 bytes)
#0 [internal function]: CodeIgniter\Debug\Exceptions->shutdownHandler()
#1 {main}
CRITICAL - 2021-09-24 01:20:44 --> Allowed memory size of 536870912 bytes exhausted (tried to allocate 266354688 bytes)
#0 [internal function]: CodeIgniter\Debug\Exceptions->shutdownHandler()
#1 {main}
ERROR - 2021-09-24 01:39:25 --> CREATE command denied to user 'hakim'@'localhost' for table 'migrations'
ERROR - 2021-09-24 02:35:37 --> Can't create table `ci4app`.`barang_masuk` (errno: 150 "Foreign key constraint is incorrectly formed")
ERROR - 2021-09-24 02:36:35 --> Can't create table `ci4app`.`barang_masuk` (errno: 150 "Foreign key constraint is incorrectly formed")
ERROR - 2021-09-24 02:38:17 --> Can't create table `ci4app`.`barang_masuk` (errno: 150 "Foreign key constraint is incorrectly formed")
ERROR - 2021-09-24 02:46:06 --> Can't create table `ci4app`.`barang_masuk` (errno: 150 "Foreign key constraint is incorrectly formed")
CRITICAL - 2021-09-24 03:22:23 --> Undefined variable: title
#0 D:\Pemrograman\XAMPP\htdocs\ci4app\app\Views\layouts\template.php(12): CodeIgniter\Debug\Exceptions->errorHandler(8, 'Undefined varia...', 'D:\\Pemrograman\\...', 12, Array)
#1 D:\Pemrograman\XAMPP\htdocs\ci4app\vendor\codeigniter4\framework\system\View\View.php(214): include('D:\\Pemrograman\\...')
#2 D:\Pemrograman\XAMPP\htdocs\ci4app\vendor\codeigniter4\framework\system\View\View.php(217): CodeIgniter\View\View->CodeIgniter\View\{closure}()
#3 D:\Pemrograman\XAMPP\htdocs\ci4app\vendor\codeigniter4\framework\system\View\View.php(230): CodeIgniter\View\View->render('layouts/templat...', Array, true)
#4 D:\Pemrograman\XAMPP\htdocs\ci4app\vendor\codeigniter4\framework\system\Common.php(1092): CodeIgniter\View\View->render('Pages/index', Array, true)
#5 D:\Pemrograman\XAMPP\htdocs\ci4app\app\Controllers\Pages.php(9): view('Pages/index')
#6 D:\Pemrograman\XAMPP\htdocs\ci4app\vendor\codeigniter4\framework\system\CodeIgniter.php(802): App\Controllers\Pages->index()
#7 D:\Pemrograman\XAMPP\htdocs\ci4app\vendor\codeigniter4\framework\system\CodeIgniter.php(399): CodeIgniter\CodeIgniter->runController(Object(App\Controllers\Pages))
#8 D:\Pemrograman\XAMPP\htdocs\ci4app\vendor\codeigniter4\framework\system\CodeIgniter.php(317): CodeIgniter\CodeIgniter->handleRequest(NULL, Object(Config\Cache), false)
#9 D:\Pemrograman\XAMPP\htdocs\ci4app\public\index.php(37): CodeIgniter\CodeIgniter->run()
#10 D:\Pemrograman\XAMPP\htdocs\ci4app\vendor\codeigniter4\framework\system\Commands\Server\rewrite.php(43): require_once('D:\\Pemrograman\\...')
#11 {main}
CRITICAL - 2021-09-24 03:22:43 --> Undefined variable: title
#0 D:\Pemrograman\XAMPP\htdocs\ci4app\app\Views\layouts\template.php(12): CodeIgniter\Debug\Exceptions->errorHandler(8, 'Undefined varia...', 'D:\\Pemrograman\\...', 12, Array)
#1 D:\Pemrograman\XAMPP\htdocs\ci4app\vendor\codeigniter4\framework\system\View\View.php(214): include('D:\\Pemrograman\\...')
#2 D:\Pemrograman\XAMPP\htdocs\ci4app\vendor\codeigniter4\framework\system\View\View.php(217): CodeIgniter\View\View->CodeIgniter\View\{closure}()
#3 D:\Pemrograman\XAMPP\htdocs\ci4app\vendor\codeigniter4\framework\system\View\View.php(230): CodeIgniter\View\View->render('layouts/templat...', Array, true)
#4 D:\Pemrograman\XAMPP\htdocs\ci4app\vendor\codeigniter4\framework\system\Common.php(1092): CodeIgniter\View\View->render('Pages/index', Array, true)
#5 D:\Pemrograman\XAMPP\htdocs\ci4app\app\Controllers\Pages.php(9): view('Pages/index')
#6 D:\Pemrograman\XAMPP\htdocs\ci4app\vendor\codeigniter4\framework\system\CodeIgniter.php(802): App\Controllers\Pages->index()
#7 D:\Pemrograman\XAMPP\htdocs\ci4app\vendor\codeigniter4\framework\system\CodeIgniter.php(399): CodeIgniter\CodeIgniter->runController(Object(App\Controllers\Pages))
#8 D:\Pemrograman\XAMPP\htdocs\ci4app\vendor\codeigniter4\framework\system\CodeIgniter.php(317): CodeIgniter\CodeIgniter->handleRequest(NULL, Object(Config\Cache), false)
#9 D:\Pemrograman\XAMPP\htdocs\ci4app\public\index.php(37): CodeIgniter\CodeIgniter->run()
#10 D:\Pemrograman\XAMPP\htdocs\ci4app\vendor\codeigniter4\framework\system\Commands\Server\rewrite.php(43): require_once('D:\\Pemrograman\\...')
#11 {main}
ERROR - 2021-09-24 03:30:22 --> Unknown column 'nama' in 'field list'
CRITICAL - 2021-09-24 03:30:22 --> Unknown column 'nama' in 'field list'
#0 D:\Pemrograman\XAMPP\htdocs\ci4app\vendor\codeigniter4\framework\system\Database\MySQLi\Connection.php(280): mysqli->query('SELECT nama, al...')
#1 D:\Pemrograman\XAMPP\htdocs\ci4app\vendor\codeigniter4\framework\system\Database\BaseConnection.php(663): CodeIgniter\Database\MySQLi\Connection->execute('SELECT nama, al...')
#2 D:\Pemrograman\XAMPP\htdocs\ci4app\vendor\codeigniter4\framework\system\Database\BaseConnection.php(591): CodeIgniter\Database\BaseConnection->simpleQuery('SELECT nama, al...')
#3 D:\Pemrograman\XAMPP\htdocs\ci4app\app\Controllers\Manage.php(27): CodeIgniter\Database\BaseConnection->query('SELECT nama, al...')
#4 D:\Pemrograman\XAMPP\htdocs\ci4app\vendor\codeigniter4\framework\system\CodeIgniter.php(802): App\Controllers\Manage->pemasok()
#5 D:\Pemrograman\XAMPP\htdocs\ci4app\vendor\codeigniter4\framework\system\CodeIgniter.php(399): CodeIgniter\CodeIgniter->runController(Object(App\Controllers\Manage))
#6 D:\Pemrograman\XAMPP\htdocs\ci4app\vendor\codeigniter4\framework\system\CodeIgniter.php(317): CodeIgniter\CodeIgniter->handleRequest(NULL, Object(Config\Cache), false)
#7 D:\Pemrograman\XAMPP\htdocs\ci4app\public\index.php(37): CodeIgniter\CodeIgniter->run()
#8 D:\Pemrograman\XAMPP\htdocs\ci4app\vendor\codeigniter4\framework\system\Commands\Server\rewrite.php(43): require_once('D:\\Pemrograman\\...')
#9 {main}
ERROR - 2021-09-24 03:30:38 --> Unknown column 'nama' in 'field list'
CRITICAL - 2021-09-24 03:30:38 --> Unknown column 'nama' in 'field list'
#0 D:\Pemrograman\XAMPP\htdocs\ci4app\vendor\codeigniter4\framework\system\Database\MySQLi\Connection.php(280): mysqli->query('SELECT nama, al...')
#1 D:\Pemrograman\XAMPP\htdocs\ci4app\vendor\codeigniter4\framework\system\Database\BaseConnection.php(663): CodeIgniter\Database\MySQLi\Connection->execute('SELECT nama, al...')
#2 D:\Pemrograman\XAMPP\htdocs\ci4app\vendor\codeigniter4\framework\system\Database\BaseConnection.php(591): CodeIgniter\Database\BaseConnection->simpleQuery('SELECT nama, al...')
#3 D:\Pemrograman\XAMPP\htdocs\ci4app\app\Controllers\Manage.php(27): CodeIgniter\Database\BaseConnection->query('SELECT nama, al...')
#4 D:\Pemrograman\XAMPP\htdocs\ci4app\vendor\codeigniter4\framework\system\CodeIgniter.php(802): App\Controllers\Manage->pemasok()
#5 D:\Pemrograman\XAMPP\htdocs\ci4app\vendor\codeigniter4\framework\system\CodeIgniter.php(399): CodeIgniter\CodeIgniter->runController(Object(App\Controllers\Manage))
#6 D:\Pemrograman\XAMPP\htdocs\ci4app\vendor\codeigniter4\framework\system\CodeIgniter.php(317): CodeIgniter\CodeIgniter->handleRequest(NULL, Object(Config\Cache), false)
#7 D:\Pemrograman\XAMPP\htdocs\ci4app\public\index.php(37): CodeIgniter\CodeIgniter->run()
#8 D:\Pemrograman\XAMPP\htdocs\ci4app\vendor\codeigniter4\framework\system\Commands\Server\rewrite.php(43): require_once('D:\\Pemrograman\\...')
#9 {main}
ERROR - 2021-09-24 23:32:59 --> Duplicate column name 'kondisi'
ERROR - 2021-09-24 23:39:24 --> Duplicate column name 'kondisi'
ERROR - 2021-09-24 23:46:49 --> Can't DROP FOREIGN KEY `id_pengguna`; check that it exists
